\o Program:		@(#)$CDS: cdsLibEditor version 6.1.7 - CAT35 03/11/2016 01:11 (sjfnl137) $
\o Sub version:		sub-version  IC6.1.7 - CAT35.15s009 
\o Arguments:		-display :50 -mpssession virtuoso37570 -mpshost en-ec-ecelinux-08.coecis.cornell.edu -namespace CDBA -cdslib /home/hpl23/finalProject/cds.lib 
\o Working Directory:	en-ec-ecelinux-08.coecis.cornell.edu:/home/hpl23/finalProject
\o 64-bit offsets
\a nrSetWindowVisibility(cdsLibEditor "show")
\o Qt version: 		4.8.5
\a nrResizeWindow(cdsLibEditor list(0 0 500 400))
\a nrSetCurrentWindow(cdsLibEditor)
\a nrListItemAction(cdsLibEditor->mainTable 0 0)
\o Active cell: 0 0 "analogLib"
\a nrResizeWindow(cdsLibEditor list(164 187 500 400))
\a nrSetCurrentWindow(cdsLibEditor)
\a nrListItemAction(cdsLibEditor->mainTable 6 0)
\o Active cell: 6 0 ""
\a nrListItemRename(cdsLibEditor->mainTable, 6 0 "functional")
\a nrListItemAction(cdsLibEditor->mainTable 0 1)
\o Active cell: 0 1 "$(compute:THIS_TOOL_INST_ROOT)/tools/dfII//etc/cdslib/artist/analogLib"
\a nrListItemAction(cdsLibEditor->mainTable 6 1)
\o Active cell: 6 1 ""
\a nrListItemRename(cdsLibEditor->mainTable, 6 1 "$(compute:THIS_TOOL_INST_ROOT)/tools/dfII//etc/cdslib/artist/functional")
\a nrListItemAction(cdsLibEditor->mainTable 7 0)
\o Active cell: 7 0 ""
\a nrListItemAction(cdsLibEditor->mainTable 7 1)
\o Active cell: 7 1 ""
\a cdsLibEditor->fileExitButton->value = t
\o QUESTION (CLE-205): You have made changes which have not been saved. \n\nWould you like to save your changes? 
\a nrSetWindowVisibility(needSaveDialog "show")
\a nrSetCurrentWindow(needSaveDialog)
\a nrResizeWindow(needSaveDialog list(220 279 369 136))
\a needSaveDialog->yesButton->value = t
\a nrSetWindowVisibility(cdsLibEditor "hide")
\a exit(0)
