\o Program:		@(#)$CDS: libManager version 6.1.7 - CAT35 03/11/2016 01:09 (sjfnl137) $
\o Sub version:		sub-version  IC6.1.7 - CAT35.15s009 
\o Arguments:		-unmapped -mpssession virtuoso17085 -mpshost en-ec-ecelinux-17.coecis.cornell.edu 
\o Working Directory:	en-ec-ecelinux-17.coecis.cornell.edu:/home/dts86/ece4530/finalProject
\o 64-bit offsets
\o Qt version: 		4.8.5
\o changeWorkingDir("/home/dts86/ece4530/finalProject") unnecessary.
\o ddSetForcedLib("") unnecessary.
\o Log file is "/home/dts86/ece4530/finalProject/libManager.log".
\o Opening libManager window.
\a nrSetWindowVisibility(cdsLibManager "show")
\o MPS service: map window
\o Library Manager customization server connected.
\a nrSetCurrentWindow(cdsLibManager)
\a nrResizeWindow(cdsLibManager list(513 250 902 443))
\a cdsLibManager->libListBox->value = "gpdk045"
\a cdsLibManager->libListBox->value = "sheets"
\a cdsLibManager->libListBox->value = "cdsDefTechLib"
\a cdsLibManager->libListBox->value = "analogLib"
\a cdsLibManager->libListBox->value = "avTech"
\a cdsLibManager->libListBox->value = "basic"
\a cdsLibManager->libListBox->value = "analogLib"
\a cdsLibManager->libListBox->value = "sheets"
\a cdsLibManager->libListBox->value = "cdsDefTechLib"
\a cdsLibManager->libListBox->value = "finalProject"
\a cdsLibManager->libLineEdit->value = "finalProject"
\a cdsLibManager->cellListBox->value = "finalProject"
\a cdsLibManager->viewListBox->value = "phaseShifter"
\a cdsLibManager->viewLineEdit->value = "phaseShifter"
\a cdsLibManager->cellListBox->value = "system_testbench"
\a cdsLibManager->viewLineEdit->value = ""
\a cdsLibManager->viewListBox->value = nil
\a cdsLibManager->cellLineEdit->value = "system_testbench"
\a cdsLibManager->viewListBox->value = "schematic"
\a cdsLibManager->viewLineEdit->value = "schematic"
\a cdsLibManager->viewListBox->value = nil
\a cdsLibManager->viewListBox->value = "schematic"
\o MPS request: edit design
\a nrListItemAction(cdsLibManager->gdmXTView 0 0)
\a cdsLibManager->libListBox->value = nil
\a cdsLibManager->cellListBox->value = nil
\a cdsLibManager->viewLineEdit->value = ""
\a cdsLibManager->viewListBox->value = nil
\a cdsLibManager->cellLineEdit->value = ""
\a cdsLibManager->libLineEdit->value = ""
\a cdsLibManager->libListBox->value = "finalProject"
\a cdsLibManager->libLineEdit->value = "finalProject"
\a cdsLibManager->cellListBox->value = "system_testbench"
\a cdsLibManager->cellLineEdit->value = "system_testbench"
\a cdsLibManager->viewListBox->value = "schematic"
\a cdsLibManager->viewLineEdit->value = "schematic"
\a cdsLibManager->viewLineEdit->value = ""
\a cdsLibManager->viewListBox->value = nil
\a cdsLibManager->viewListBox->value = "schematic"
\a cdsLibManager->viewLineEdit->value = "schematic"
\a nrSetCurrentWindow(cdsLibManager)
\a nrSetCurrentWindow(cdsLibManager)
\a cdsLibManager->libListBox->value = nil
\a cdsLibManager->cellListBox->value = nil
\a cdsLibManager->viewLineEdit->value = ""
\a cdsLibManager->viewListBox->value = nil
\a cdsLibManager->cellLineEdit->value = ""
\a cdsLibManager->libLineEdit->value = ""
\a cdsLibManager->libListBox->value = "finalProject"
\a cdsLibManager->libLineEdit->value = "finalProject"
\a cdsLibManager->cellListBox->value = "system_testbench"
\a cdsLibManager->cellLineEdit->value = "system_testbench"
\a cdsLibManager->viewListBox->value = "schematic"
\a cdsLibManager->viewLineEdit->value = "schematic"
\a cdsLibManager->viewLineEdit->value = ""
\a cdsLibManager->viewListBox->value = nil
\a cdsLibManager->viewListBox->value = "schematic"
\a cdsLibManager->viewLineEdit->value = "schematic"
\a nrSetCurrentWindow(cdsLibManager)
\a nrResizeWindow(cdsLibManager list(513 250 902 603))
\a cdsLibManager->editLibraryPathButton->value = t
\o Starting the cdsLibEditor...
\o MPS request: update library list
\a cdsLibManager->libListBox->value = nil
\a cdsLibManager->cellListBox->value = nil
\a cdsLibManager->viewLineEdit->value = ""
\a cdsLibManager->viewListBox->value = nil
\a cdsLibManager->cellLineEdit->value = ""
\a cdsLibManager->libLineEdit->value = ""
\a cdsLibManager->libListBox->value = "finalProject"
\a cdsLibManager->libLineEdit->value = "finalProject"
\a cdsLibManager->cellListBox->value = "system_testbench"
\a cdsLibManager->cellLineEdit->value = "system_testbench"
\a cdsLibManager->viewListBox->value = "schematic"
\a cdsLibManager->viewLineEdit->value = "schematic"
\a cdsLibManager->viewLineEdit->value = ""
\a cdsLibManager->viewListBox->value = nil
\a cdsLibManager->viewListBox->value = "schematic"
\a cdsLibManager->viewLineEdit->value = "schematic"
\a nrSetCurrentWindow(cdsLibManager)
\a cdsLibManager->libListBox->value = "functional"
\a cdsLibManager->cellListBox->value = nil
\a cdsLibManager->viewLineEdit->value = ""
\a cdsLibManager->viewListBox->value = nil
\a cdsLibManager->cellLineEdit->value = ""
\a cdsLibManager->libLineEdit->value = "functional"
\a cdsLibManager->cellListBox->value = "multiplier"
\a cdsLibManager->cellLineEdit->value = "multiplier"
\a cdsLibManager->viewListBox->value = "symbol"
\a cdsLibManager->viewLineEdit->value = "symbol"
\a cdsLibManager->cellListBox->value = "levelShifter"
\a cdsLibManager->viewLineEdit->value = ""
\a cdsLibManager->viewListBox->value = nil
\a cdsLibManager->viewListBox->value = "symbol"
\a cdsLibManager->viewLineEdit->value = "symbol"
\a cdsLibManager->cellListBox->value = "multiplexer"
\a cdsLibManager->viewLineEdit->value = ""
\a cdsLibManager->viewListBox->value = nil
\a cdsLibManager->viewListBox->value = "symbol"
\a cdsLibManager->viewLineEdit->value = "symbol"
\a cdsLibManager->cellListBox->value = "multiplier"
\a cdsLibManager->viewLineEdit->value = ""
\a cdsLibManager->viewListBox->value = nil
\a cdsLibManager->viewListBox->value = "symbol"
\a cdsLibManager->viewLineEdit->value = "symbol"
\a cdsLibManager->cellLineEdit->value = "multiplier"
\a cdsLibManager->libListBox->value = nil
\a cdsLibManager->cellListBox->value = nil
\a cdsLibManager->viewLineEdit->value = ""
\a cdsLibManager->viewListBox->value = nil
\a cdsLibManager->cellLineEdit->value = ""
\a cdsLibManager->libLineEdit->value = ""
\a cdsLibManager->libListBox->value = "functional"
\a cdsLibManager->libLineEdit->value = "functional"
\a cdsLibManager->cellListBox->value = "multiplier"
\a cdsLibManager->cellLineEdit->value = "multiplier"
\a cdsLibManager->viewListBox->value = "symbol"
\a cdsLibManager->viewLineEdit->value = "symbol"
\a cdsLibManager->viewLineEdit->value = ""
\a cdsLibManager->viewListBox->value = nil
\a cdsLibManager->viewListBox->value = "symbol"
\a cdsLibManager->viewLineEdit->value = "symbol"
\o MPS service: shutdown
\o libManager is exiting.
\a nrSetWindowVisibility(cdsLibManager "hide")
\a exit(0)
