\o Program:		@(#)$CDS: libManager version 6.1.7 - CAT35 03/11/2016 01:09 (sjfnl137) $
\o Sub version:		sub-version  IC6.1.7 - CAT35.15s009 
\o Arguments:		-unmapped -mpssession virtuoso32653 -mpshost en-ec-ecelinux-11.coecis.cornell.edu 
\o Working Directory:	en-ec-ecelinux-11.coecis.cornell.edu:/home/ltj24/finalProject/finalProject
\o 64-bit offsets
\o Qt version: 		4.8.5
\o changeWorkingDir("/home/ltj24/finalProject/finalProject") unnecessary.
\o ddSetForcedLib("") unnecessary.
\o Log file is "/home/ltj24/finalProject/finalProject/libManager.log".
\o Opening libManager window.
\a nrSetWindowVisibility(cdsLibManager "show")
\o MPS service: map window
\o Library Manager customization server connected.
\a nrSetCurrentWindow(cdsLibManager)
\w Warning: ddUpdateLibList: Did not find any 'cds.lib' file.
\a nrResizeWindow(cdsLibManager list(8 31 652 443))
\a nrResizeWindow(cdsLibManager list(477 146 652 443))
\a nrResizeWindow(cdsLibManager list(281 260 652 443))
\a nrResizeWindow(cdsLibManager list(841 108 652 443))
\a nrResizeWindow(cdsLibManager list(587 145 652 443))
\a nrSetCurrentWindow(cdsLibManager)
\a nrResizeWindow(cdsLibManager list(921 135 652 443))
\a nrResizeWindow(cdsLibManager list(951 122 652 443))
\a nrResizeWindow(cdsLibManager list(0 23 1920 1017))
\a nrResizeWindow(cdsLibManager list(951 122 652 443))
\a _lmgrCloseIconify("cdsLibManager" 1)
\a nrSetCurrentWindow(cdsLibManager)
\o MPS service: shutdown
\o libManager is exiting.
\a nrSetWindowVisibility(cdsLibManager "hide")
\a exit(0)
